<?xml version="1.0" encoding="UTF-8"?>
<!-- Generated by org.testng.reporters.JUnitReportReporter -->
<testsuite skipped="0" hostname="DESKTOP-5CQMQ41" name="com.durgasoft.crm.tests.TestLoginPage" tests="1" failures="0" timestamp="15 Dec 2018 05:43:44 GMT" time="78.352" errors="0">
  <testcase name="testPageTitle" time="78.352" classname="com.durgasoft.crm.tests.TestLoginPage"/>
</testsuite> <!-- com.durgasoft.crm.tests.TestLoginPage -->
