<?xml version="1.0" encoding="UTF-8"?>
<!-- Generated by org.testng.reporters.JUnitReportReporter -->
<testsuite skipped="0" hostname="DESKTOP-5CQMQ41" name="com.durgasoft.crm.tests.TestFrames" tests="1" failures="0" timestamp="10 May 2018 13:05:59 GMT" time="11.978" errors="0">
  <testcase name="testPageTitle" time="11.978" classname="com.durgasoft.crm.tests.TestFrames"/>
</testsuite> <!-- com.durgasoft.crm.tests.TestFrames -->
